0 silly argv { _: [ 'version' ], lernaVersion: '3.16.4', '$0': 'lerna' }
1 notice cli v3.16.4
2 verbose rootPath /Users/hassanef/Desktop/HFALL-DEVELOP/modes
3 info versioning independent
4 silly isAnythingCommitted
5 verbose isAnythingCommitted 1
6 silly currentBranch
7 verbose currentBranch master
8 silly remoteBranchExists
9 silly isBehindUpstream
10 silly isBehindUpstream master is behind origin/master by 0 commit(s) and ahead by 4
11 silly hasTags
12 verbose hasTags true
13 silly git-describe.sync "dateLogger@1.1.0-2-g95478ec" => {"lastTagName":"dateLogger@1.1.0","lastVersion":"1.1.0","refCount":"2","sha":"95478ec","isDirty":false}
14 info Looking for changed packages since dateLogger@1.1.0
15 silly checking diff packages/dateLogger
16 silly found diff in packages/dateLogger/package.json
17 verbose filtered diff [ 'packages/dateLogger/package.json' ]
18 silly checking diff packages/mathLogger
19 silly found diff in packages/mathLogger/package.json
20 verbose filtered diff [ 'packages/mathLogger/package.json' ]
21 verbose updated @hfall/dateLogger
22 verbose updated @hfall/mathLogger
23 verbose git-describe undefined => "dateLogger@1.1.0-2-g95478ec"
24 silly git-describe parsed => {"lastTagName":"dateLogger@1.1.0","lastVersion":"1.1.0","refCount":"2","sha":"95478ec","isDirty":false}
25 info execute Skipping releases
26 silly lifecycle No script for "preversion" in "@hfall/utils", continuing
27 silly lifecycle No script for "preversion" in "@hfall/dateLogger", continuing
28 silly lifecycle No script for "preversion" in "@hfall/mathLogger", continuing
29 silly lifecycle No script for "version" in "@hfall/dateLogger", continuing
30 silly lifecycle No script for "version" in "@hfall/mathLogger", continuing
31 silly lifecycle No script for "version" in "@hfall/utils", continuing
32 silly gitAdd [ '/Users/hassanef/Desktop/HFALL-DEVELOP/modes/packages/dateLogger/package.json',
32 silly gitAdd   '/Users/hassanef/Desktop/HFALL-DEVELOP/modes/packages/mathLogger/package.json' ]
33 silly gitCommit Publish
33 silly gitCommit
33 silly gitCommit  - @hfall/dateLogger@1.1.1
33 silly gitCommit  - @hfall/mathLogger@1.1.1
34 verbose git [ 'commit',
34 verbose git   '-F',
34 verbose git   '/private/var/folders/cy/0_q59wgs2sd7lsh891p53ztnlr1_wn/T/703cd2d3-ba42-4c9f-9777-9ab3f6e8ba61/lerna-commit.txt' ]
35 silly gitTag @hfall/dateLogger@1.1.1
36 verbose git [ 'tag',
36 verbose git   '@hfall/dateLogger@1.1.1',
36 verbose git   '-m',
36 verbose git   '@hfall/dateLogger@1.1.1' ]
37 silly gitTag @hfall/mathLogger@1.1.1
38 verbose git [ 'tag',
38 verbose git   '@hfall/mathLogger@1.1.1',
38 verbose git   '-m',
38 verbose git   '@hfall/mathLogger@1.1.1' ]
39 silly lifecycle No script for "postversion" in "@hfall/dateLogger", continuing
40 silly lifecycle No script for "postversion" in "@hfall/mathLogger", continuing
41 silly lifecycle No script for "postversion" in "@hfall/utils", continuing
42 info git Pushing tags...
43 silly gitPush origin master
44 error Error: Command failed: git push --follow-tags --no-verify origin master
44 error remote: Permission to hfall/utils.git denied to rga-samsung-dev.
44 error fatal: unable to access 'https://github.com/hfall/utils.git/': The requested URL returned error: 403
44 error
44 error     at makeError (/usr/local/lib/node_modules/lerna/node_modules/execa/index.js:174:9)
44 error     at Promise.all.then.arr (/usr/local/lib/node_modules/lerna/node_modules/execa/index.js:278:16)
44 error     at <anonymous>
